INFO: 2021-10-23 04:13:25,207: main() 'Using profile folder /home/daniel/.config/variety/'
INFO: 2021-10-23 04:13:25,209: perform_upgrade() 'Last run version was 0.8.5 or earlier, current version is 0.8.5'
INFO: 2021-10-23 04:13:25,378: process_command() 'Received command: []'
INFO: 2021-10-23 04:13:25,382: load_banned() 'Missing or invalid banned URLs list, no URLs will be banned'
INFO: 2021-10-23 04:13:25,393: start() 'Using data_path /usr/share/variety'
INFO: 2021-10-23 04:13:25,393: load() 'Jumble loading'
INFO: 2021-10-23 04:13:25,393: _walk_modules() 'Jumble loading module in __init__ from /usr/lib/python3/dist-packages/variety/plugins/builtin/__init__.py'
INFO: 2021-10-23 04:13:25,394: _walk_modules() 'Jumble loading module in MediaRSSDownloader from /usr/lib/python3/dist-packages/variety/plugins/builtin/downloaders/MediaRSSDownloader.py'
INFO: 2021-10-23 04:13:25,395: _walk_modules() 'Jumble loading module in APODDownloader from /usr/lib/python3/dist-packages/variety/plugins/builtin/downloaders/APODDownloader.py'
INFO: 2021-10-23 04:13:25,396: load() 'Jumble found plugin class: <class 'APODDownloader.APODDownloader'>: {'name': 'APODDownloader', 'description': 'NASA Astro Pic of the Day', 'author': 'Peter Levi', 'version': '0.1'}'
INFO: 2021-10-23 04:13:25,397: _walk_modules() 'Jumble loading module in MediaRSSSource from /usr/lib/python3/dist-packages/variety/plugins/builtin/downloaders/MediaRSSSource.py'
INFO: 2021-10-23 04:13:25,399: load() 'Jumble found plugin class: <class 'MediaRSSSource.MediaRSSSource'>: {'name': 'MediaRSSSource', 'description': 'Configurable source for fetching images from MediaRSS feeds', 'author': 'Peter Levi', 'version': '0.1'}'
INFO: 2021-10-23 04:13:25,399: _walk_modules() 'Jumble loading module in EarthviewDownloader from /usr/lib/python3/dist-packages/variety/plugins/builtin/downloaders/EarthviewDownloader.py'
INFO: 2021-10-23 04:13:25,400: load() 'Jumble found plugin class: <class 'EarthviewDownloader.EarthviewDownloader'>: {'name': 'EarthviewDownloader', 'description': 'Google Earth View Wallpapers', 'author': 'Peter Levi', 'version': '0.1'}'
INFO: 2021-10-23 04:13:25,400: _walk_modules() 'Jumble loading module in WallhavenDownloader from /usr/lib/python3/dist-packages/variety/plugins/builtin/downloaders/WallhavenDownloader.py'
INFO: 2021-10-23 04:13:25,401: _walk_modules() 'Jumble loading module in RedditDownloader from /usr/lib/python3/dist-packages/variety/plugins/builtin/downloaders/RedditDownloader.py'
INFO: 2021-10-23 04:13:25,402: _walk_modules() 'Jumble loading module in UnsplashDownloader from /usr/lib/python3/dist-packages/variety/plugins/builtin/downloaders/UnsplashDownloader.py'
INFO: 2021-10-23 04:13:25,402: load() 'Jumble found plugin class: <class 'UnsplashDownloader.UnsplashDownloader'>: {'name': 'UnsplashDownloader', 'description': 'High-resolution photos from Unsplash.com', 'author': 'Peter Levi', 'version': '0.1'}'
INFO: 2021-10-23 04:13:25,403: _walk_modules() 'Jumble loading module in BingDownloader from /usr/lib/python3/dist-packages/variety/plugins/builtin/downloaders/BingDownloader.py'
INFO: 2021-10-23 04:13:25,404: load() 'Jumble found plugin class: <class 'BingDownloader.BingDownloader'>: {'name': 'BingDownloader', 'description': 'Bing-Foto des Tages', 'author': 'Peter Levi', 'version': '0.1'}'
INFO: 2021-10-23 04:13:25,404: _walk_modules() 'Jumble loading module in WallhavenSource from /usr/lib/python3/dist-packages/variety/plugins/builtin/downloaders/WallhavenSource.py'
INFO: 2021-10-23 04:13:25,406: load() 'Jumble found plugin class: <class 'WallhavenSource.WallhavenSource'>: {'name': 'WallhavenSource', 'description': 'Configurable source for fetching images from Wallhaven.cc', 'author': 'Peter Levi', 'version': '0.1'}'
INFO: 2021-10-23 04:13:25,406: _walk_modules() 'Jumble loading module in UnsplashConfigurableSource from /usr/lib/python3/dist-packages/variety/plugins/builtin/downloaders/UnsplashConfigurableSource.py'
INFO: 2021-10-23 04:13:25,408: load() 'Jumble found plugin class: <class 'UnsplashConfigurableSource.UnsplashConfigurableSource'>: {'name': 'UnsplashConfigurableSource', 'description': 'Configurable source for fetching photos from Unsplash.com', 'author': 'Peter Levi', 'version': '0.1'}'
INFO: 2021-10-23 04:13:25,408: _walk_modules() 'Jumble loading module in __init__ from /usr/lib/python3/dist-packages/variety/plugins/builtin/downloaders/__init__.py'
INFO: 2021-10-23 04:13:25,409: _walk_modules() 'Jumble loading module in RedditSource from /usr/lib/python3/dist-packages/variety/plugins/builtin/downloaders/RedditSource.py'
INFO: 2021-10-23 04:13:25,410: load() 'Jumble found plugin class: <class 'RedditSource.RedditSource'>: {'name': 'RedditSource', 'description': 'Configurable source for fetching images from Reddit', 'author': 'Peter Levi', 'version': '0.1'}'
INFO: 2021-10-23 04:13:25,410: _walk_modules() 'Jumble loading module in LocalFilesSource from /usr/lib/python3/dist-packages/variety/plugins/builtin/quotes/LocalFilesSource.py'
INFO: 2021-10-23 04:13:25,411: load() 'Jumble found plugin class: <class 'LocalFilesSource.LocalFilesSource'>: {'name': 'Local text files', 'description': 'Displays quotes, defined in local text files.\nPut your own txt files in: ~/.config/variety/pluginconfig/quotes/.\nThe file format is:\n\nquote -- author\n.\nsecond quote -- another author\n.\netc...\n\nExample: http://rvelthuis.de/zips/quotes.txt', 'author': 'Peter Levi', 'version': '0.1'}'
INFO: 2021-10-23 04:13:25,411: _walk_modules() 'Jumble loading module in QuotationsPageSource from /usr/lib/python3/dist-packages/variety/plugins/builtin/quotes/QuotationsPageSource.py'
INFO: 2021-10-23 04:13:25,417: load() 'Jumble found plugin class: <class 'QuotationsPageSource.QuotationsPageSource'>: {'name': 'TheQuotationsPage.com', 'description': 'Zitatabruf von TheQuotationsPage.com', 'author': 'Peter Levi', 'version': '0.1'}'
INFO: 2021-10-23 04:13:25,418: _walk_modules() 'Jumble loading module in GoodreadsSource from /usr/lib/python3/dist-packages/variety/plugins/builtin/quotes/GoodreadsSource.py'
INFO: 2021-10-23 04:13:25,419: load() 'Jumble found plugin class: <class 'GoodreadsSource.GoodreadsSource'>: {'name': 'Goodreads', 'description': 'Zitatabruf von Goodreads.com', 'author': 'Peter Levi', 'version': '0.1'}'
INFO: 2021-10-23 04:13:25,419: _walk_modules() 'Jumble loading module in UrbanDictionarySource from /usr/lib/python3/dist-packages/variety/plugins/builtin/quotes/UrbanDictionarySource.py'
INFO: 2021-10-23 04:13:25,420: load() 'Jumble found plugin class: <class 'UrbanDictionarySource.UrbanDictionarySource'>: {'name': 'Urban Dictionary', 'description': 'Displays definitions from Urban Dictionary', 'author': 'James Miller', 'version': '0.1'}'
INFO: 2021-10-23 04:13:25,420: _walk_modules() 'Jumble loading module in __init__ from /usr/lib/python3/dist-packages/variety/plugins/builtin/quotes/__init__.py'
INFO: 2021-10-23 04:13:25,420: _walk_modules() 'Jumble loading module in FortuneSource from /usr/lib/python3/dist-packages/variety/plugins/builtin/quotes/FortuneSource.py'
INFO: 2021-10-23 04:13:25,421: load() 'Jumble found plugin class: <class 'FortuneSource.FortuneSource'>: {'name': 'UNIX fortune program', 'description': 'Displays quotes using the UNIX fortune program. You may want to install additional fortune packs, e.g. fortunes-bofh-excuses.', 'author': 'Dan Jones', 'version': '0.1'}'
INFO: 2021-10-23 04:13:25,426: reload_config() 'Creating new downloader for type apod, location NASA's Astronomy Picture of the Day'
INFO: 2021-10-23 04:13:25,426: reload_config() 'Creating new downloader for type earthview, location Google Earth View Wallpapers'
INFO: 2021-10-23 04:13:25,426: log_options() 'Loaded options:'
INFO: 2021-10-23 04:13:25,427: log_options() 'change_enabled = True'
INFO: 2021-10-23 04:13:25,427: log_options() 'change_interval = 300'
INFO: 2021-10-23 04:13:25,427: log_options() 'change_on_start = True'
INFO: 2021-10-23 04:13:25,427: log_options() 'clipboard_enabled = True'
INFO: 2021-10-23 04:13:25,427: log_options() 'clipboard_hosts = ['wallhaven.cc', 'wallpapers.net', 'flickr.com', 'imgur.com', 'deviantart.com', 'interfacelift.com', 'vladstudio.com', 'imageshack.us', 'deviantart.net', 'imageshack.com']'
INFO: 2021-10-23 04:13:25,427: log_options() 'clipboard_use_whitelist = True'
INFO: 2021-10-23 04:13:25,427: log_options() 'clock_date_font = Bubbler One Bold 40'
INFO: 2021-10-23 04:13:25,427: log_options() 'clock_enabled = True'
INFO: 2021-10-23 04:13:25,427: log_options() 'clock_filter = -density 100 -font `fc-match -f '%{file[0]}' '%CLOCK_FONT_NAME'` -pointsize %CLOCK_FONT_SIZE -gravity SouthEast -fill '#00000044' -annotate 0x0+[%HOFFSET+58]+[%VOFFSET+108] '%H:%M' -fill white -annotate 0x0+[%HOFFSET+60]+[%VOFFSET+110] '%H:%M' -font `fc-match -f '%{file[0]}' '%DATE_FONT_NAME'` -pointsize %DATE_FONT_SIZE -fill '#00000044' -annotate 0x0+[%HOFFSET+58]+[%VOFFSET+58] '%A, %B %d' -fill white -annotate 0x0+[%HOFFSET+60]+[%VOFFSET+60] '%A, %B %d''
INFO: 2021-10-23 04:13:25,427: log_options() 'clock_font = Bubbler One Bold 75'
INFO: 2021-10-23 04:13:25,427: log_options() 'configfile = /home/daniel/.config/variety/variety.conf'
INFO: 2021-10-23 04:13:25,427: log_options() 'copyto_enabled = False'
INFO: 2021-10-23 04:13:25,427: log_options() 'copyto_folder = Default'
INFO: 2021-10-23 04:13:25,428: log_options() 'desired_color = [160, 160, 160]'
INFO: 2021-10-23 04:13:25,428: log_options() 'desired_color_enabled = False'
INFO: 2021-10-23 04:13:25,428: log_options() 'download_folder = /home/daniel/.config/variety/Downloaded'
INFO: 2021-10-23 04:13:25,428: log_options() 'download_preference_ratio = 0.9'
INFO: 2021-10-23 04:13:25,428: log_options() 'favorites_folder = /home/daniel/.config/variety/Favorites'
INFO: 2021-10-23 04:13:25,428: log_options() 'favorites_operations = [['Downloaded', 'Copy'], ['Fetched', 'Move'], ['Others', 'Copy']]'
INFO: 2021-10-23 04:13:25,428: log_options() 'fetched_folder = /home/daniel/.config/variety/Fetched'
INFO: 2021-10-23 04:13:25,428: log_options() 'filters = [[False, 'Keep original', ''], [False, 'Grayscale', '-type Grayscale'], [False, 'Heavy blur', '-blur 120x40'], [False, 'Soft blur', '-blur 20x7'], [False, 'Oil painting', '-paint 8'], [False, 'Pointilism', '-spread 10 -noise 3'], [False, 'Pixellate', '-scale 3% -scale 3333%']]'
INFO: 2021-10-23 04:13:25,428: log_options() 'icon = Dark'
INFO: 2021-10-23 04:13:25,428: log_options() 'lightness_enabled = True'
INFO: 2021-10-23 04:13:25,428: log_options() 'lightness_mode = 0'
INFO: 2021-10-23 04:13:25,428: log_options() 'min_rating = 4'
INFO: 2021-10-23 04:13:25,428: log_options() 'min_rating_enabled = False'
INFO: 2021-10-23 04:13:25,428: log_options() 'min_size = 80'
INFO: 2021-10-23 04:13:25,429: log_options() 'min_size_enabled = False'
INFO: 2021-10-23 04:13:25,429: log_options() 'quota_enabled = True'
INFO: 2021-10-23 04:13:25,429: log_options() 'quota_size = 1000'
INFO: 2021-10-23 04:13:25,429: log_options() 'quotes_authors = '
INFO: 2021-10-23 04:13:25,429: log_options() 'quotes_bg_color = [80, 80, 80]'
INFO: 2021-10-23 04:13:25,429: log_options() 'quotes_bg_opacity = 55'
INFO: 2021-10-23 04:13:25,429: log_options() 'quotes_change_enabled = False'
INFO: 2021-10-23 04:13:25,429: log_options() 'quotes_change_interval = 300'
INFO: 2021-10-23 04:13:25,429: log_options() 'quotes_disabled_sources = ['Urban Dictionary']'
INFO: 2021-10-23 04:13:25,429: log_options() 'quotes_enabled = False'
INFO: 2021-10-23 04:13:25,429: log_options() 'quotes_favorites_file = /home/daniel/.config/variety/favorite_quotes.txt'
INFO: 2021-10-23 04:13:25,429: log_options() 'quotes_font = Bitstream Charter 30'
INFO: 2021-10-23 04:13:25,429: log_options() 'quotes_hpos = 100'
INFO: 2021-10-23 04:13:25,429: log_options() 'quotes_max_length = 250'
INFO: 2021-10-23 04:13:25,430: log_options() 'quotes_tags = '
INFO: 2021-10-23 04:13:25,430: log_options() 'quotes_text_color = [255, 255, 255]'
INFO: 2021-10-23 04:13:25,430: log_options() 'quotes_text_shadow = False'
INFO: 2021-10-23 04:13:25,430: log_options() 'quotes_vpos = 40'
INFO: 2021-10-23 04:13:25,430: log_options() 'quotes_width = 70'
INFO: 2021-10-23 04:13:25,430: log_options() 'safe_mode = False'
INFO: 2021-10-23 04:13:25,430: log_options() 'slideshow_custom_enabled = False'
INFO: 2021-10-23 04:13:25,430: log_options() 'slideshow_custom_folder = /home/daniel/Bilder'
INFO: 2021-10-23 04:13:25,430: log_options() 'slideshow_downloads_enabled = False'
INFO: 2021-10-23 04:13:25,430: log_options() 'slideshow_fade = 0.4'
INFO: 2021-10-23 04:13:25,430: log_options() 'slideshow_favorites_enabled = True'
INFO: 2021-10-23 04:13:25,430: log_options() 'slideshow_mode = Fullscreen'
INFO: 2021-10-23 04:13:25,430: log_options() 'slideshow_monitor = All'
INFO: 2021-10-23 04:13:25,430: log_options() 'slideshow_pan = 0.05'
INFO: 2021-10-23 04:13:25,431: log_options() 'slideshow_seconds = 6.0'
INFO: 2021-10-23 04:13:25,431: log_options() 'slideshow_sort_order = Random'
INFO: 2021-10-23 04:13:25,431: log_options() 'slideshow_sources_enabled = True'
INFO: 2021-10-23 04:13:25,431: log_options() 'slideshow_zoom = 0.2'
INFO: 2021-10-23 04:13:25,431: log_options() 'smart_enabled = False'
INFO: 2021-10-23 04:13:25,431: log_options() 'smart_notice_shown = False'
INFO: 2021-10-23 04:13:25,431: log_options() 'smart_register_shown = False'
INFO: 2021-10-23 04:13:25,431: log_options() 'sources = [[False, 'flickr', 'user:www.flickr.com/photos/peter-levi/;user_id:93647178@N00;'], [True, 'favorites', 'The Favorites folder'], [True, 'fetched', 'The Fetched folder'], [False, 'folder', '/usr/share/backgrounds'], [True, 'apod', "NASA's Astronomy Picture of the Day"], [False, 'bing', 'Bing Photo of the Day'], [True, 'earthview', 'Google Earth View Wallpapers'], [False, 'unsplash', 'High-resolution photos from Unsplash.com']]'
INFO: 2021-10-23 04:13:25,431: log_options() 'stats_enabled = True'
INFO: 2021-10-23 04:13:25,431: log_options() 'stats_notice_shown = False'
INFO: 2021-10-23 04:13:25,431: log_options() 'sync_enabled = True'
INFO: 2021-10-23 04:13:25,431: log_options() 'use_landscape_enabled = True'
INFO: 2021-10-23 04:13:25,431: reload_config() 'No need to clear prepared queue'
INFO: 2021-10-23 04:13:25,432: clock_thread_method() 'clock thread running'
INFO: 2021-10-23 04:13:25,432: update_indicator() 'Setting file info to: /home/daniel/.config/variety/Downloaded/nasa_apod/M64_Hubble_4032.jpg'
INFO: 2021-10-23 04:13:25,434: load_last_change_time() 'Change interval < 6 hours, ignore persisted last_change_time, wait initially the whole interval: 300'
INFO: 2021-10-23 04:13:25,434: update_indicator() 'Setting file info to: /home/daniel/.config/variety/Downloaded/nasa_apod/M64_Hubble_4032.jpg'
INFO: 2021-10-23 04:13:25,435: regular_change_thread() 'regular_change thread running'
INFO: 2021-10-23 04:13:25,436: prepare_thread() 'Prepare thread running'
INFO: 2021-10-23 04:13:25,436: prepare_thread() 'Prepared buffer contains 0 images'
INFO: 2021-10-23 04:13:25,436: get_throttling() 'Earth View: parsing serverside options'
INFO: 2021-10-23 04:13:25,436: prepare_thread() 'Preparing some images'
INFO: 2021-10-23 04:13:25,437: get_throttling() 'Could not parse Earth View serverside options, using defaults 20, None'
INFO: 2021-10-23 04:13:25,438: get_throttling() 'Earth View: parsing serverside options'
INFO: 2021-10-23 04:13:25,438: get_throttling() 'Could not parse Earth View serverside options, using defaults 20, None'
INFO: 2021-10-23 04:13:25,438: download_one() 'Earth View: Downloading an image, config: None'
INFO: 2021-10-23 04:13:25,438: download_one() 'Earth View: Queue size: 0'
INFO: 2021-10-23 04:13:25,439: get_throttling() 'Earth View: parsing serverside options'
INFO: 2021-10-23 04:13:25,439: get_throttling() 'Could not parse Earth View serverside options, using defaults 20, None'
INFO: 2021-10-23 04:13:25,439: download_one() 'Earth View: Filling queue'
INFO: 2021-10-23 04:13:25,440: update_indicator_icon() 'Creating indicator'
WARNING: 2021-10-23 04:13:25,508: create_menu() 'Variety Slideshow is not installed. This is an optional extension adding pan-and-zoom slideshows to Variety: see https://github.com/peterlevi/variety-slideshow for details'
INFO: 2021-10-23 04:13:25,509: create_indicator() 'indicator backend: AyatanaAppIndicator3'
INFO: 2021-10-23 04:13:25,528: set_from_theme_icon() 'Showing indicator icon variety-indicator-dark from GTK theme'
INFO: 2021-10-23 04:13:25,530: process_command() 'Received command: ['-q']'
INFO: 2021-10-23 04:13:25,535: do_set_wp() 'Calling do_set_wp with /home/daniel/.config/variety/Downloaded/nasa_apod/M64_Hubble_4032.jpg, time: 1634955205.5353675'
INFO: 2021-10-23 04:13:25,537: on_quit() 'Quitting'
INFO: 2021-10-23 04:13:25,537: set_wallpaper() 'Calling set_wallpaper with /home/daniel/.config/variety/Downloaded/Earth View/Mariscal Nieto Province, Peru (ID-1099).jpg'
INFO: 2021-10-23 04:13:25,561: update_indicator() 'Setting file info to: /home/daniel/.config/variety/Downloaded/nasa_apod/M64_Hubble_4032.jpg'
INFO: 2021-10-23 04:13:25,617: list_files() 'More than 1 files in the folders, stop listing'
INFO: 2021-10-23 04:13:25,786: download_one() 'Earth View: Queue populated with 1511 URLs'
INFO: 2021-10-23 04:13:25,786: save_locally() 'Origin URL: https://earthview.withgoogle.com/1949'
INFO: 2021-10-23 04:13:25,786: save_locally() 'Image URL: https://www.gstatic.com/prettyearth/assets/full/1949.jpg'
INFO: 2021-10-23 04:13:25,786: save_locally() 'Local path: /home/daniel/.config/variety/Downloaded/Earth View/Kimbolton, Australia (ID-1949).jpg'
INFO: 2021-10-23 04:13:26,040: save_locally() 'Download complete'
INFO: 2021-10-23 04:13:26,040: update_indicator() 'Setting file info to: /home/daniel/.config/variety/Downloaded/nasa_apod/M64_Hubble_4032.jpg'
INFO: 2021-10-23 04:13:26,042: list_files() 'More than 1 files in the folders, stop listing'
INFO: 2021-10-23 04:13:26,433: clock_thread_method() 'clock_thread updates wallpaper'
INFO: 2021-10-23 04:13:26,535: do_set_wp() 'Calling do_set_wp with /home/daniel/.config/variety/Downloaded/nasa_apod/M64_Hubble_4032.jpg, time: 1634955206.5357392'
